0 info it worked if it ends with ok
1 verbose cli [ '/usr/local/bin/node', '/usr/bin/npm', 'start' ]
2 info using npm@1.3.24
3 info using node@v0.10.25
4 verbose run-script [ 'prestart', 'start', 'poststart' ]
5 info prestart ghost@0.4.1
6 info start ghost@0.4.1
7 verbose unsafe-perm in lifecycle true
8 info ghost@0.4.1 Failed to exec start script
9 error ghost@0.4.1 start: `node index`
9 error Exit status 8
10 error Failed at the ghost@0.4.1 start script.
10 error This is most likely a problem with the ghost package,
10 error not with npm itself.
10 error Tell the author that this fails on your system:
10 error     node index
10 error You can get their info via:
10 error     npm owner ls ghost
10 error There is likely additional logging output above.
11 error System Linux 3.4.76-65.111.amzn1.i686
12 error command "/usr/local/bin/node" "/usr/bin/npm" "start"
13 error cwd /var/www/ghost
14 error node -v v0.10.25
15 error npm -v 1.3.24
16 error code ELIFECYCLE
17 verbose exit [ 1, true ]
